E:\Lessons\Git\CompilerAssignments\C0-Compiler\C0-Compiler\Debug\C0-Compiler.exe.embed.manifest
E:\LESSONS\GIT\COMPILERASSIGNMENTS\C0-COMPILER\C0-COMPILER\DEBUG\C0-COMPILER.EXE.EMBED.MANIFEST.RES
E:\Lessons\Git\CompilerAssignments\C0-Compiler\C0-Compiler\Debug\C0-Compiler.exe.intermediate.manifest
E:\LESSONS\GIT\COMPILERASSIGNMENTS\C0-COMPILER\C0-COMPILER\DEBUG\C0-COMPILER.OBJ
E:\LESSONS\GIT\COMPILERASSIGNMENTS\C0-COMPILER\C0-COMPILER\DEBUG\C0-COMPILER.PCH
E:\Lessons\Git\CompilerAssignments\C0-Compiler\C0-Compiler\Debug\C0-Compiler.vcxprojResolveAssemblyReference.cache
E:\Lessons\Git\CompilerAssignments\C0-Compiler\C0-Compiler\Debug\C0-Compiler.write.1.tlog
E:\Lessons\Git\CompilerAssignments\C0-Compiler\C0-Compiler\Debug\C0-Compiler_manifest.rc
E:\Lessons\Git\CompilerAssignments\C0-Compiler\C0-Compiler\Debug\cl.command.1.tlog
E:\Lessons\Git\CompilerAssignments\C0-Compiler\C0-Compiler\Debug\CL.read.1.tlog
E:\Lessons\Git\CompilerAssignments\C0-Compiler\C0-Compiler\Debug\CL.write.1.tlog
E:\LESSONS\GIT\COMPILERASSIGNMENTS\C0-COMPILER\C0-COMPILER\DEBUG\LEXER.OBJ
E:\Lessons\Git\CompilerAssignments\C0-Compiler\C0-Compiler\Debug\link.command.1.tlog
E:\Lessons\Git\CompilerAssignments\C0-Compiler\C0-Compiler\Debug\link.read.1.tlog
E:\Lessons\Git\CompilerAssignments\C0-Compiler\C0-Compiler\Debug\link.write.1.tlog
E:\Lessons\Git\CompilerAssignments\C0-Compiler\C0-Compiler\Debug\link-cvtres.read.1.tlog
E:\Lessons\Git\CompilerAssignments\C0-Compiler\C0-Compiler\Debug\link-cvtres.write.1.tlog
E:\Lessons\Git\CompilerAssignments\C0-Compiler\C0-Compiler\Debug\rc.command.1.tlog
E:\Lessons\Git\CompilerAssignments\C0-Compiler\C0-Compiler\Debug\rc.read.1.tlog
E:\Lessons\Git\CompilerAssignments\C0-Compiler\C0-Compiler\Debug\rc.write.1.tlog
E:\LESSONS\GIT\COMPILERASSIGNMENTS\C0-COMPILER\C0-COMPILER\DEBUG\STDAFX.OBJ
E:\Lessons\Git\CompilerAssignments\C0-Compiler\C0-Compiler\Debug\vc100.idb
E:\LESSONS\GIT\COMPILERASSIGNMENTS\C0-COMPILER\C0-COMPILER\DEBUG\VC100.PDB
E:\Lessons\Git\CompilerAssignments\C0-Compiler\Debug\C0-Compiler.pdb
