生成启动时间为 2016/11/8 16:20:02。
     1>项目“E:\Lessons\Git\CompilerAssignments\wordAnalyze\wordAnalyze\wordAnalyze.vcxproj”在节点 2 上(build 个目标)。
     1>InitializeBuildStatus:
         正在创建“Debug\wordAnalyze.unsuccessfulbuild”，因为已指定“AlwaysCreate”。
       ClCompile:
         所有输出均为最新。
         C:\Program Files (x86)\Microsoft Visual Studio 10.0\VC\bin\CL.exe /c /ZI /nologo /W3 /WX- /Od /Oy- /D WIN32 /D _DEBUG /D _CONSOLE /D _UNICODE /D UNICODE /Gm /EHsc /RTC1 /MDd /GS /fp:precise /Zc:wchar_t /Zc:forScope /Yu"StdAfx.h" /Fp"Debug\wordAnalyze.pch" /Fo"Debug\\" /Fd"Debug\vc100.pdb" /Gd /TP /analyze- /errorReport:prompt wordAnalyze.cpp
         wordAnalyze.cpp
       ManifestResourceCompile:
         所有输出均为最新。
       Link:
         C:\Program Files (x86)\Microsoft Visual Studio 10.0\VC\bin\link.exe /ERRORREPORT:PROMPT /OUT:"E:\Lessons\Git\CompilerAssignments\wordAnalyze\Debug\wordAnalyze.exe" /INCREMENTAL /NOLOGO kernel32.lib user32.lib gdi32.lib winspool.lib comdlg32.lib advapi32.lib shell32.lib ole32.lib oleaut32.lib uuid.lib odbc32.lib odbccp32.lib /MANIFEST /ManifestFile:"Debug\wordAnalyze.exe.intermediate.manifest" /MANIFESTUAC:"level='asInvoker' uiAccess='false'" /DEBUG /PDB:"E:\Lessons\Git\CompilerAssignments\wordAnalyze\Debug\wordAnalyze.pdb" /SUBSYSTEM:CONSOLE /TLBID:1 /DYNAMICBASE /NXCOMPAT /IMPLIB:"E:\Lessons\Git\CompilerAssignments\wordAnalyze\Debug\wordAnalyze.lib" /MACHINE:X86 Debug\wordAnalyze.exe.embed.manifest.res
         Debug\stdafx.obj
         Debug\wordAnalyze.obj
       Manifest:
         C:\Program Files (x86)\Microsoft SDKs\Windows\v7.0A\bin\mt.exe /nologo /verbose /out:"Debug\wordAnalyze.exe.embed.manifest" /manifest Debug\wordAnalyze.exe.intermediate.manifest
         所有输出均为最新。
       LinkEmbedManifest:
         所有输出均为最新。
         wordAnalyze.vcxproj -> E:\Lessons\Git\CompilerAssignments\wordAnalyze\Debug\wordAnalyze.exe
       FinalizeBuildStatus:
         正在删除文件“Debug\wordAnalyze.unsuccessfulbuild”。
         正在对“Debug\wordAnalyze.lastbuildstate”执行 Touch 任务。
     1>已完成生成项目“E:\Lessons\Git\CompilerAssignments\wordAnalyze\wordAnalyze\wordAnalyze.vcxproj”(build 个目标)的操作。

生成成功。

已用时间 00:00:00.95
